<?xml version="1.0" encoding="UTF-8"?>
<!-- Generated by org.testng.reporters.JUnitXMLReporter -->
<testsuite hostname="Simpls-MacBook-Pro.local" ignored="2" name="Test" tests="5" failures="0" timestamp="2022-07-21T00:58:54 IST" time="0.949" errors="0">
  <testcase name="@BeforeTest launchBrowser" time="0.009" classname="com.framework.configuration.WebdriverInitialization">
    <failure type="java.lang.NullPointerException">
      <![CDATA[java.lang.NullPointerException
at com.framework.configuration.WebdriverInitialization.launchBrowser(WebdriverInitialization.java:41)
... Removed 24 stack frames]]>
    </failure>
  </testcase> <!-- @BeforeTest launchBrowser -->
  <testcase name="@BeforeMethod setup" time="0.0" classname="com.framework.tests.CaptureDetailsPageTest">
    <skipped/>
  </testcase> <!-- @BeforeMethod setup -->
  <testcase name="@BeforeMethod setup" time="0.0" classname="com.framework.tests.CaptureDetailsPageTest">
    <skipped/>
  </testcase> <!-- @BeforeMethod setup -->
  <testcase name="@BeforeMethod setup" time="0.0" classname="com.framework.tests.CaptureDetailsPageTest">
    <skipped/>
  </testcase> <!-- @BeforeMethod setup -->
  <testcase name="@BeforeMethod setup" time="0.0" classname="com.framework.tests.HomePageTest">
    <skipped/>
  </testcase> <!-- @BeforeMethod setup -->
  <testcase name="@BeforeMethod setup" time="0.0" classname="com.framework.tests.HomePageTest">
    <skipped/>
  </testcase> <!-- @BeforeMethod setup -->
  <testcase name="@AfterTest quitBrowser" time="0.0" classname="com.framework.configuration.WebdriverInitialization">
    <skipped/>
  </testcase> <!-- @AfterTest quitBrowser -->
  <testcase name="filltheForm" time="0.0" classname="com.framework.tests.CaptureDetailsPageTest">
    <skipped/>
  </testcase> <!-- filltheForm -->
  <testcase name="filltheForm" time="0.0" classname="com.framework.tests.CaptureDetailsPageTest">
    <skipped/>
  </testcase> <!-- filltheForm -->
  <testcase name="filltheForm" time="0.0" classname="com.framework.tests.CaptureDetailsPageTest">
    <skipped/>
  </testcase> <!-- filltheForm -->
  <testcase name="verifyClickOnPracticeTabWorking" time="0.0" classname="com.framework.tests.HomePageTest">
    <skipped/>
  </testcase> <!-- verifyClickOnPracticeTabWorking -->
  <testcase name="verifyLogoVisible" time="0.0" classname="com.framework.tests.HomePageTest">
    <skipped/>
  </testcase> <!-- verifyLogoVisible -->
  <testcase name="@BeforeTest launchBrowser" time="0.0" classname="com.framework.configuration.WebdriverInitialization">
    <ignored/>
  </testcase> <!-- @BeforeTest launchBrowser -->
  <testcase name="@AfterTest quitBrowser" time="0.0" classname="com.framework.configuration.WebdriverInitialization">
    <ignored/>
  </testcase> <!-- @AfterTest quitBrowser -->
</testsuite> <!-- Test -->
